CRITICAL - 2024-08-22 04:23:29 --> Error: Class "App\Controllers\LocationModel" not found
[Method: GET, Route: import-locations]
in APPPATH\Controllers\LocationController.php on line 12.
 1 SYSTEMPATH\CodeIgniter.php(933): App\Controllers\LocationController->importLocations()
 2 SYSTEMPATH\CodeIgniter.php(509): CodeIgniter\CodeIgniter->runController(Object(App\Controllers\LocationController))
 3 SYSTEMPATH\CodeIgniter.php(355): CodeIgniter\CodeIgniter->handleRequest(null, Object(Config\Cache), false)
 4 SYSTEMPATH\Boot.php(325): CodeIgniter\CodeIgniter->run()
 5 SYSTEMPATH\Boot.php(67): CodeIgniter\Boot::runCodeIgniter(Object(CodeIgniter\CodeIgniter))
 6 FCPATH\index.php(56): CodeIgniter\Boot::bootWeb(Object(Config\Paths))
 7 SYSTEMPATH\rewrite.php(44): require_once('C:\\xampp\\htdocs\\petabpodt\\public\\index.php')
CRITICAL - 2024-08-22 04:24:01 --> Error: Call to undefined method App\Controllers\MapController::processData()
[Method: GET, Route: map]
in APPPATH\Controllers\MapController.php on line 9.
 1 SYSTEMPATH\CodeIgniter.php(933): App\Controllers\MapController->index()
 2 SYSTEMPATH\CodeIgniter.php(509): CodeIgniter\CodeIgniter->runController(Object(App\Controllers\MapController))
 3 SYSTEMPATH\CodeIgniter.php(355): CodeIgniter\CodeIgniter->handleRequest(null, Object(Config\Cache), false)
 4 SYSTEMPATH\Boot.php(325): CodeIgniter\CodeIgniter->run()
 5 SYSTEMPATH\Boot.php(67): CodeIgniter\Boot::runCodeIgniter(Object(CodeIgniter\CodeIgniter))
 6 FCPATH\index.php(56): CodeIgniter\Boot::bootWeb(Object(Config\Paths))
 7 SYSTEMPATH\rewrite.php(44): require_once('C:\\xampp\\htdocs\\petabpodt\\public\\index.php')
CRITICAL - 2024-08-22 04:24:02 --> Error: Call to undefined method App\Controllers\MapController::processData()
[Method: GET, Route: map]
in APPPATH\Controllers\MapController.php on line 9.
 1 SYSTEMPATH\CodeIgniter.php(933): App\Controllers\MapController->index()
 2 SYSTEMPATH\CodeIgniter.php(509): CodeIgniter\CodeIgniter->runController(Object(App\Controllers\MapController))
 3 SYSTEMPATH\CodeIgniter.php(355): CodeIgniter\CodeIgniter->handleRequest(null, Object(Config\Cache), false)
 4 SYSTEMPATH\Boot.php(325): CodeIgniter\CodeIgniter->run()
 5 SYSTEMPATH\Boot.php(67): CodeIgniter\Boot::runCodeIgniter(Object(CodeIgniter\CodeIgniter))
 6 FCPATH\index.php(56): CodeIgniter\Boot::bootWeb(Object(Config\Paths))
 7 SYSTEMPATH\rewrite.php(44): require_once('C:\\xampp\\htdocs\\petabpodt\\public\\index.php')
CRITICAL - 2024-08-22 04:24:02 --> Error: Call to undefined method App\Controllers\MapController::processData()
[Method: GET, Route: map]
in APPPATH\Controllers\MapController.php on line 9.
 1 SYSTEMPATH\CodeIgniter.php(933): App\Controllers\MapController->index()
 2 SYSTEMPATH\CodeIgniter.php(509): CodeIgniter\CodeIgniter->runController(Object(App\Controllers\MapController))
 3 SYSTEMPATH\CodeIgniter.php(355): CodeIgniter\CodeIgniter->handleRequest(null, Object(Config\Cache), false)
 4 SYSTEMPATH\Boot.php(325): CodeIgniter\CodeIgniter->run()
 5 SYSTEMPATH\Boot.php(67): CodeIgniter\Boot::runCodeIgniter(Object(CodeIgniter\CodeIgniter))
 6 FCPATH\index.php(56): CodeIgniter\Boot::bootWeb(Object(Config\Paths))
 7 SYSTEMPATH\rewrite.php(44): require_once('C:\\xampp\\htdocs\\petabpodt\\public\\index.php')
CRITICAL - 2024-08-22 04:24:02 --> Error: Call to undefined method App\Controllers\MapController::processData()
[Method: GET, Route: map]
in APPPATH\Controllers\MapController.php on line 9.
 1 SYSTEMPATH\CodeIgniter.php(933): App\Controllers\MapController->index()
 2 SYSTEMPATH\CodeIgniter.php(509): CodeIgniter\CodeIgniter->runController(Object(App\Controllers\MapController))
 3 SYSTEMPATH\CodeIgniter.php(355): CodeIgniter\CodeIgniter->handleRequest(null, Object(Config\Cache), false)
 4 SYSTEMPATH\Boot.php(325): CodeIgniter\CodeIgniter->run()
 5 SYSTEMPATH\Boot.php(67): CodeIgniter\Boot::runCodeIgniter(Object(CodeIgniter\CodeIgniter))
 6 FCPATH\index.php(56): CodeIgniter\Boot::bootWeb(Object(Config\Paths))
 7 SYSTEMPATH\rewrite.php(44): require_once('C:\\xampp\\htdocs\\petabpodt\\public\\index.php')
CRITICAL - 2024-08-22 04:24:02 --> Error: Call to undefined method App\Controllers\MapController::processData()
[Method: GET, Route: map]
in APPPATH\Controllers\MapController.php on line 9.
 1 SYSTEMPATH\CodeIgniter.php(933): App\Controllers\MapController->index()
 2 SYSTEMPATH\CodeIgniter.php(509): CodeIgniter\CodeIgniter->runController(Object(App\Controllers\MapController))
 3 SYSTEMPATH\CodeIgniter.php(355): CodeIgniter\CodeIgniter->handleRequest(null, Object(Config\Cache), false)
 4 SYSTEMPATH\Boot.php(325): CodeIgniter\CodeIgniter->run()
 5 SYSTEMPATH\Boot.php(67): CodeIgniter\Boot::runCodeIgniter(Object(CodeIgniter\CodeIgniter))
 6 FCPATH\index.php(56): CodeIgniter\Boot::bootWeb(Object(Config\Paths))
 7 SYSTEMPATH\rewrite.php(44): require_once('C:\\xampp\\htdocs\\petabpodt\\public\\index.php')
CRITICAL - 2024-08-22 04:24:03 --> Error: Call to undefined method App\Controllers\MapController::processData()
[Method: GET, Route: map]
in APPPATH\Controllers\MapController.php on line 9.
 1 SYSTEMPATH\CodeIgniter.php(933): App\Controllers\MapController->index()
 2 SYSTEMPATH\CodeIgniter.php(509): CodeIgniter\CodeIgniter->runController(Object(App\Controllers\MapController))
 3 SYSTEMPATH\CodeIgniter.php(355): CodeIgniter\CodeIgniter->handleRequest(null, Object(Config\Cache), false)
 4 SYSTEMPATH\Boot.php(325): CodeIgniter\CodeIgniter->run()
 5 SYSTEMPATH\Boot.php(67): CodeIgniter\Boot::runCodeIgniter(Object(CodeIgniter\CodeIgniter))
 6 FCPATH\index.php(56): CodeIgniter\Boot::bootWeb(Object(Config\Paths))
 7 SYSTEMPATH\rewrite.php(44): require_once('C:\\xampp\\htdocs\\petabpodt\\public\\index.php')
CRITICAL - 2024-08-22 04:24:03 --> Error: Call to undefined method App\Controllers\MapController::processData()
[Method: GET, Route: map]
in APPPATH\Controllers\MapController.php on line 9.
 1 SYSTEMPATH\CodeIgniter.php(933): App\Controllers\MapController->index()
 2 SYSTEMPATH\CodeIgniter.php(509): CodeIgniter\CodeIgniter->runController(Object(App\Controllers\MapController))
 3 SYSTEMPATH\CodeIgniter.php(355): CodeIgniter\CodeIgniter->handleRequest(null, Object(Config\Cache), false)
 4 SYSTEMPATH\Boot.php(325): CodeIgniter\CodeIgniter->run()
 5 SYSTEMPATH\Boot.php(67): CodeIgniter\Boot::runCodeIgniter(Object(CodeIgniter\CodeIgniter))
 6 FCPATH\index.php(56): CodeIgniter\Boot::bootWeb(Object(Config\Paths))
 7 SYSTEMPATH\rewrite.php(44): require_once('C:\\xampp\\htdocs\\petabpodt\\public\\index.php')
CRITICAL - 2024-08-22 04:24:03 --> Error: Call to undefined method App\Controllers\MapController::processData()
[Method: GET, Route: map]
in APPPATH\Controllers\MapController.php on line 9.
 1 SYSTEMPATH\CodeIgniter.php(933): App\Controllers\MapController->index()
 2 SYSTEMPATH\CodeIgniter.php(509): CodeIgniter\CodeIgniter->runController(Object(App\Controllers\MapController))
 3 SYSTEMPATH\CodeIgniter.php(355): CodeIgniter\CodeIgniter->handleRequest(null, Object(Config\Cache), false)
 4 SYSTEMPATH\Boot.php(325): CodeIgniter\CodeIgniter->run()
 5 SYSTEMPATH\Boot.php(67): CodeIgniter\Boot::runCodeIgniter(Object(CodeIgniter\CodeIgniter))
 6 FCPATH\index.php(56): CodeIgniter\Boot::bootWeb(Object(Config\Paths))
 7 SYSTEMPATH\rewrite.php(44): require_once('C:\\xampp\\htdocs\\petabpodt\\public\\index.php')
CRITICAL - 2024-08-22 04:24:03 --> Error: Call to undefined method App\Controllers\MapController::processData()
[Method: GET, Route: map]
in APPPATH\Controllers\MapController.php on line 9.
 1 SYSTEMPATH\CodeIgniter.php(933): App\Controllers\MapController->index()
 2 SYSTEMPATH\CodeIgniter.php(509): CodeIgniter\CodeIgniter->runController(Object(App\Controllers\MapController))
 3 SYSTEMPATH\CodeIgniter.php(355): CodeIgniter\CodeIgniter->handleRequest(null, Object(Config\Cache), false)
 4 SYSTEMPATH\Boot.php(325): CodeIgniter\CodeIgniter->run()
 5 SYSTEMPATH\Boot.php(67): CodeIgniter\Boot::runCodeIgniter(Object(CodeIgniter\CodeIgniter))
 6 FCPATH\index.php(56): CodeIgniter\Boot::bootWeb(Object(Config\Paths))
 7 SYSTEMPATH\rewrite.php(44): require_once('C:\\xampp\\htdocs\\petabpodt\\public\\index.php')
CRITICAL - 2024-08-22 04:24:03 --> Error: Call to undefined method App\Controllers\MapController::processData()
[Method: GET, Route: map]
in APPPATH\Controllers\MapController.php on line 9.
 1 SYSTEMPATH\CodeIgniter.php(933): App\Controllers\MapController->index()
 2 SYSTEMPATH\CodeIgniter.php(509): CodeIgniter\CodeIgniter->runController(Object(App\Controllers\MapController))
 3 SYSTEMPATH\CodeIgniter.php(355): CodeIgniter\CodeIgniter->handleRequest(null, Object(Config\Cache), false)
 4 SYSTEMPATH\Boot.php(325): CodeIgniter\CodeIgniter->run()
 5 SYSTEMPATH\Boot.php(67): CodeIgniter\Boot::runCodeIgniter(Object(CodeIgniter\CodeIgniter))
 6 FCPATH\index.php(56): CodeIgniter\Boot::bootWeb(Object(Config\Paths))
 7 SYSTEMPATH\rewrite.php(44): require_once('C:\\xampp\\htdocs\\petabpodt\\public\\index.php')
CRITICAL - 2024-08-22 04:24:04 --> Error: Call to undefined method App\Controllers\MapController::processData()
[Method: GET, Route: map]
in APPPATH\Controllers\MapController.php on line 9.
 1 SYSTEMPATH\CodeIgniter.php(933): App\Controllers\MapController->index()
 2 SYSTEMPATH\CodeIgniter.php(509): CodeIgniter\CodeIgniter->runController(Object(App\Controllers\MapController))
 3 SYSTEMPATH\CodeIgniter.php(355): CodeIgniter\CodeIgniter->handleRequest(null, Object(Config\Cache), false)
 4 SYSTEMPATH\Boot.php(325): CodeIgniter\CodeIgniter->run()
 5 SYSTEMPATH\Boot.php(67): CodeIgniter\Boot::runCodeIgniter(Object(CodeIgniter\CodeIgniter))
 6 FCPATH\index.php(56): CodeIgniter\Boot::bootWeb(Object(Config\Paths))
 7 SYSTEMPATH\rewrite.php(44): require_once('C:\\xampp\\htdocs\\petabpodt\\public\\index.php')
CRITICAL - 2024-08-22 04:24:04 --> Error: Call to undefined method App\Controllers\MapController::processData()
[Method: GET, Route: map]
in APPPATH\Controllers\MapController.php on line 9.
 1 SYSTEMPATH\CodeIgniter.php(933): App\Controllers\MapController->index()
 2 SYSTEMPATH\CodeIgniter.php(509): CodeIgniter\CodeIgniter->runController(Object(App\Controllers\MapController))
 3 SYSTEMPATH\CodeIgniter.php(355): CodeIgniter\CodeIgniter->handleRequest(null, Object(Config\Cache), false)
 4 SYSTEMPATH\Boot.php(325): CodeIgniter\CodeIgniter->run()
 5 SYSTEMPATH\Boot.php(67): CodeIgniter\Boot::runCodeIgniter(Object(CodeIgniter\CodeIgniter))
 6 FCPATH\index.php(56): CodeIgniter\Boot::bootWeb(Object(Config\Paths))
 7 SYSTEMPATH\rewrite.php(44): require_once('C:\\xampp\\htdocs\\petabpodt\\public\\index.php')
CRITICAL - 2024-08-22 04:24:31 --> Error: Call to undefined method App\Controllers\MapController::processData()
[Method: GET, Route: map]
in APPPATH\Controllers\MapController.php on line 9.
 1 SYSTEMPATH\CodeIgniter.php(933): App\Controllers\MapController->index()
 2 SYSTEMPATH\CodeIgniter.php(509): CodeIgniter\CodeIgniter->runController(Object(App\Controllers\MapController))
 3 SYSTEMPATH\CodeIgniter.php(355): CodeIgniter\CodeIgniter->handleRequest(null, Object(Config\Cache), false)
 4 SYSTEMPATH\Boot.php(325): CodeIgniter\CodeIgniter->run()
 5 SYSTEMPATH\Boot.php(67): CodeIgniter\Boot::runCodeIgniter(Object(CodeIgniter\CodeIgniter))
 6 FCPATH\index.php(56): CodeIgniter\Boot::bootWeb(Object(Config\Paths))
 7 SYSTEMPATH\rewrite.php(44): require_once('C:\\xampp\\htdocs\\petabpodt\\public\\index.php')
CRITICAL - 2024-08-22 04:25:11 --> ParseError: Unclosed '{' on line 6
[Method: GET, Route: map]
in APPPATH\Controllers\MapController.php on line 11.
 1 VENDORPATH\composer\ClassLoader.php(427): Composer\Autoload\{closure}('C:\\xampp\\htdocs\\petabpodt\\vendor\\composer/../../app\\Controllers\\MapController.php')
 2 [internal function]: Composer\Autoload\ClassLoader->loadClass('App\\Controllers\\MapController')
 3 SYSTEMPATH\CodeIgniter.php(887): class_exists('\\App\\Controllers\\MapController', true)
 4 SYSTEMPATH\CodeIgniter.php(496): CodeIgniter\CodeIgniter->startController()
 5 SYSTEMPATH\CodeIgniter.php(355): CodeIgniter\CodeIgniter->handleRequest(null, Object(Config\Cache), false)
 6 SYSTEMPATH\Boot.php(325): CodeIgniter\CodeIgniter->run()
 7 SYSTEMPATH\Boot.php(67): CodeIgniter\Boot::runCodeIgniter(Object(CodeIgniter\CodeIgniter))
 8 FCPATH\index.php(56): CodeIgniter\Boot::bootWeb(Object(Config\Paths))
 9 SYSTEMPATH\rewrite.php(44): require_once('C:\\xampp\\htdocs\\petabpodt\\public\\index.php')
CRITICAL - 2024-08-22 04:25:12 --> ParseError: Unclosed '{' on line 6
[Method: GET, Route: map]
in APPPATH\Controllers\MapController.php on line 11.
 1 VENDORPATH\composer\ClassLoader.php(427): Composer\Autoload\{closure}('C:\\xampp\\htdocs\\petabpodt\\vendor\\composer/../../app\\Controllers\\MapController.php')
 2 [internal function]: Composer\Autoload\ClassLoader->loadClass('App\\Controllers\\MapController')
 3 SYSTEMPATH\CodeIgniter.php(887): class_exists('\\App\\Controllers\\MapController', true)
 4 SYSTEMPATH\CodeIgniter.php(496): CodeIgniter\CodeIgniter->startController()
 5 SYSTEMPATH\CodeIgniter.php(355): CodeIgniter\CodeIgniter->handleRequest(null, Object(Config\Cache), false)
 6 SYSTEMPATH\Boot.php(325): CodeIgniter\CodeIgniter->run()
 7 SYSTEMPATH\Boot.php(67): CodeIgniter\Boot::runCodeIgniter(Object(CodeIgniter\CodeIgniter))
 8 FCPATH\index.php(56): CodeIgniter\Boot::bootWeb(Object(Config\Paths))
 9 SYSTEMPATH\rewrite.php(44): require_once('C:\\xampp\\htdocs\\petabpodt\\public\\index.php')
CRITICAL - 2024-08-22 04:25:12 --> ParseError: Unclosed '{' on line 6
[Method: GET, Route: map]
in APPPATH\Controllers\MapController.php on line 11.
 1 VENDORPATH\composer\ClassLoader.php(427): Composer\Autoload\{closure}('C:\\xampp\\htdocs\\petabpodt\\vendor\\composer/../../app\\Controllers\\MapController.php')
 2 [internal function]: Composer\Autoload\ClassLoader->loadClass('App\\Controllers\\MapController')
 3 SYSTEMPATH\CodeIgniter.php(887): class_exists('\\App\\Controllers\\MapController', true)
 4 SYSTEMPATH\CodeIgniter.php(496): CodeIgniter\CodeIgniter->startController()
 5 SYSTEMPATH\CodeIgniter.php(355): CodeIgniter\CodeIgniter->handleRequest(null, Object(Config\Cache), false)
 6 SYSTEMPATH\Boot.php(325): CodeIgniter\CodeIgniter->run()
 7 SYSTEMPATH\Boot.php(67): CodeIgniter\Boot::runCodeIgniter(Object(CodeIgniter\CodeIgniter))
 8 FCPATH\index.php(56): CodeIgniter\Boot::bootWeb(Object(Config\Paths))
 9 SYSTEMPATH\rewrite.php(44): require_once('C:\\xampp\\htdocs\\petabpodt\\public\\index.php')
CRITICAL - 2024-08-22 04:25:12 --> ParseError: Unclosed '{' on line 6
[Method: GET, Route: map]
in APPPATH\Controllers\MapController.php on line 11.
 1 VENDORPATH\composer\ClassLoader.php(427): Composer\Autoload\{closure}('C:\\xampp\\htdocs\\petabpodt\\vendor\\composer/../../app\\Controllers\\MapController.php')
 2 [internal function]: Composer\Autoload\ClassLoader->loadClass('App\\Controllers\\MapController')
 3 SYSTEMPATH\CodeIgniter.php(887): class_exists('\\App\\Controllers\\MapController', true)
 4 SYSTEMPATH\CodeIgniter.php(496): CodeIgniter\CodeIgniter->startController()
 5 SYSTEMPATH\CodeIgniter.php(355): CodeIgniter\CodeIgniter->handleRequest(null, Object(Config\Cache), false)
 6 SYSTEMPATH\Boot.php(325): CodeIgniter\CodeIgniter->run()
 7 SYSTEMPATH\Boot.php(67): CodeIgniter\Boot::runCodeIgniter(Object(CodeIgniter\CodeIgniter))
 8 FCPATH\index.php(56): CodeIgniter\Boot::bootWeb(Object(Config\Paths))
 9 SYSTEMPATH\rewrite.php(44): require_once('C:\\xampp\\htdocs\\petabpodt\\public\\index.php')
